c:\users\baoha\documents\directx11_porcelain_tales\client\default\x64\debug\client.pch
c:\users\baoha\documents\directx11_porcelain_tales\client\default\x64\debug\vc140.pdb
c:\users\baoha\documents\directx11_porcelain_tales\client\default\x64\debug\vc140.idb
c:\users\baoha\documents\directx11_porcelain_tales\client\default\x64\debug\stdafx.obj
c:\users\baoha\documents\directx11_porcelain_tales\client\default\x64\debug\camera_default.obj
c:\users\baoha\documents\directx11_porcelain_tales\client\default\x64\debug\exitbtn.obj
c:\users\baoha\documents\directx11_porcelain_tales\client\default\x64\debug\exitui.obj
c:\users\baoha\documents\directx11_porcelain_tales\client\default\x64\debug\eyeui.obj
c:\users\baoha\documents\directx11_porcelain_tales\client\default\x64\debug\fork.obj
c:\users\baoha\documents\directx11_porcelain_tales\client\default\x64\debug\heartui.obj
c:\users\baoha\documents\directx11_porcelain_tales\client\default\x64\debug\level_gameplay.obj
c:\users\baoha\documents\directx11_porcelain_tales\client\default\x64\debug\level_loading.obj
c:\users\baoha\documents\directx11_porcelain_tales\client\default\x64\debug\level_logo.obj
c:\users\baoha\documents\directx11_porcelain_tales\client\default\x64\debug\loader.obj
c:\users\baoha\documents\directx11_porcelain_tales\client\default\x64\debug\loadingui.obj
c:\users\baoha\documents\directx11_porcelain_tales\client\default\x64\debug\mainapp.obj
c:\users\baoha\documents\directx11_porcelain_tales\client\default\x64\debug\map.obj
c:\users\baoha\documents\directx11_porcelain_tales\client\default\x64\debug\menuui.obj
c:\users\baoha\documents\directx11_porcelain_tales\client\default\x64\debug\player.obj
c:\users\baoha\documents\directx11_porcelain_tales\client\default\x64\debug\startbtn.obj
c:\users\baoha\documents\directx11_porcelain_tales\client\default\x64\debug\terrain.obj
c:\users\baoha\documents\directx11_porcelain_tales\client\default\x64\debug\ui.obj
c:\users\baoha\documents\directx11_porcelain_tales\client\default\x64\debug\vampire.obj
c:\users\baoha\documents\directx11_porcelain_tales\client\default\x64\debug\client.obj
c:\users\baoha\documents\directx11_porcelain_tales\client\default\x64\debug\background.obj
c:\users\baoha\documents\directx11_porcelain_tales\client\bin\shader_vtxanim.cso
c:\users\baoha\documents\directx11_porcelain_tales\client\bin\shader_vtxnortex.cso
c:\users\baoha\documents\directx11_porcelain_tales\client\bin\shader_vtxtex.cso
c:\users\baoha\documents\directx11_porcelain_tales\client\bin\client.ilk
c:\users\baoha\documents\directx11_porcelain_tales\client\bin\client.exe
c:\users\baoha\documents\directx11_porcelain_tales\client\bin\client.pdb
c:\users\baoha\documents\directx11_porcelain_tales\client\default\x64\debug\client.res
c:\users\baoha\documents\directx11_porcelain_tales\client\default\..\bin\client.exe
c:\users\baoha\documents\directx11_porcelain_tales\client\default\x64\debug\client.tlog\cl.command.1.tlog
c:\users\baoha\documents\directx11_porcelain_tales\client\default\x64\debug\client.tlog\cl.read.1.tlog
c:\users\baoha\documents\directx11_porcelain_tales\client\default\x64\debug\client.tlog\cl.write.1.tlog
c:\users\baoha\documents\directx11_porcelain_tales\client\default\x64\debug\client.tlog\client.write.1u.tlog
c:\users\baoha\documents\directx11_porcelain_tales\client\default\x64\debug\client.tlog\fxc.command.1.tlog
c:\users\baoha\documents\directx11_porcelain_tales\client\default\x64\debug\client.tlog\fxc.read.1.tlog
c:\users\baoha\documents\directx11_porcelain_tales\client\default\x64\debug\client.tlog\fxc.write.1.tlog
c:\users\baoha\documents\directx11_porcelain_tales\client\default\x64\debug\client.tlog\link.command.1.tlog
c:\users\baoha\documents\directx11_porcelain_tales\client\default\x64\debug\client.tlog\link.read.1.tlog
c:\users\baoha\documents\directx11_porcelain_tales\client\default\x64\debug\client.tlog\link.write.1.tlog
c:\users\baoha\documents\directx11_porcelain_tales\client\default\x64\debug\client.tlog\rc.command.1.tlog
c:\users\baoha\documents\directx11_porcelain_tales\client\default\x64\debug\client.tlog\rc.read.1.tlog
c:\users\baoha\documents\directx11_porcelain_tales\client\default\x64\debug\client.tlog\rc.write.1.tlog
