  Engine_Struct.cpp
  VIBuffer_Terrain.cpp
c:\users\baoha\documents\directx11_porcelain_tales\engine\private\vibuffer_terrain.cpp(57): warning C4244: 'argument': conversion from 'Engine::_uint' to 'float', possible loss of data
  VIBuffer_Rect.cpp
  VIBuffer.cpp
  Transform.cpp
  Timer_Manager.cpp
  Timer.cpp
  Texture.cpp
  Shader.cpp
  Renderer.cpp
  PIpeLine.cpp
  Object_Manager.cpp
  Model.cpp
c:\users\baoha\documents\directx11_porcelain_tales\engine\private\model.cpp(147): warning C4267: 'argument': conversion from 'size_t' to 'int', possible loss of data
c:\users\baoha\documents\directx11_porcelain_tales\engine\private\model.cpp(172): error C2027: use of undefined type 'Engine::CAnimation'
  c:\users\baoha\documents\directx11_porcelain_tales\engine\public\model.h(59): note: see declaration of 'Engine::CAnimation'
c:\users\baoha\documents\directx11_porcelain_tales\engine\private\model.cpp(172): error C2660: 'Engine::CModel::Create': function does not take 1 arguments
  MeshContainer.cpp
  Light_Manager.cpp
  Light.cpp
  Level_Manager.cpp
  Level.cpp
  Layer.cpp
  Input_Device.cpp
  Generating Code...
  Compiling...
  Graphic_Device.cpp
  GameObject.cpp
  GameInstance.cpp
  Component_Manager.cpp
  Component.cpp
  Channel.cpp
  Camera.cpp
  BlendObject.cpp
  Base.cpp
  Animation.cpp
c:\users\baoha\documents\directx11_porcelain_tales\engine\private\animation.cpp(44): error C2664: 'Engine::CChannel *Engine::CChannel::Create(const char *)': cannot convert argument 1 from 'aiNodeAnim *' to 'const char *'
  c:\users\baoha\documents\directx11_porcelain_tales\engine\private\animation.cpp(44): note: Types pointed to are unrelated; conversion requires reinterpret_cast, C-style cast or function-style cast
c:\users\baoha\documents\directx11_porcelain_tales\engine\private\animation.cpp(55): error C2084: function 'Engine::CAnimation *Engine::CAnimation::Create(aiAnimation *)' already has a body
  c:\users\baoha\documents\directx11_porcelain_tales\engine\private\animation.cpp(23): note: see previous definition of 'Create'
  Generating Code...
