c:\users\baoha\documents\directx11_porcelain_tales\engine\default\x64\debug\vc140.pdb
c:\users\baoha\documents\directx11_porcelain_tales\engine\default\x64\debug\vc140.idb
c:\users\baoha\documents\directx11_porcelain_tales\engine\default\x64\debug\input_device.obj
c:\users\baoha\documents\directx11_porcelain_tales\engine\default\x64\debug\layer.obj
c:\users\baoha\documents\directx11_porcelain_tales\engine\default\x64\debug\level.obj
c:\users\baoha\documents\directx11_porcelain_tales\engine\default\x64\debug\level_manager.obj
c:\users\baoha\documents\directx11_porcelain_tales\engine\default\x64\debug\light.obj
c:\users\baoha\documents\directx11_porcelain_tales\engine\default\x64\debug\light_manager.obj
c:\users\baoha\documents\directx11_porcelain_tales\engine\default\x64\debug\meshcontainer.obj
c:\users\baoha\documents\directx11_porcelain_tales\engine\default\x64\debug\model.obj
c:\users\baoha\documents\directx11_porcelain_tales\engine\default\x64\debug\object_manager.obj
c:\users\baoha\documents\directx11_porcelain_tales\engine\default\x64\debug\pipeline.obj
c:\users\baoha\documents\directx11_porcelain_tales\engine\default\x64\debug\renderer.obj
c:\users\baoha\documents\directx11_porcelain_tales\engine\default\x64\debug\shader.obj
c:\users\baoha\documents\directx11_porcelain_tales\engine\default\x64\debug\texture.obj
c:\users\baoha\documents\directx11_porcelain_tales\engine\default\x64\debug\timer.obj
c:\users\baoha\documents\directx11_porcelain_tales\engine\default\x64\debug\timer_manager.obj
c:\users\baoha\documents\directx11_porcelain_tales\engine\default\x64\debug\transform.obj
c:\users\baoha\documents\directx11_porcelain_tales\engine\default\x64\debug\vibuffer.obj
c:\users\baoha\documents\directx11_porcelain_tales\engine\default\x64\debug\vibuffer_rect.obj
c:\users\baoha\documents\directx11_porcelain_tales\engine\default\x64\debug\vibuffer_terrain.obj
c:\users\baoha\documents\directx11_porcelain_tales\engine\default\x64\debug\engine_struct.obj
c:\users\baoha\documents\directx11_porcelain_tales\engine\default\x64\debug\animation.obj
c:\users\baoha\documents\directx11_porcelain_tales\engine\default\x64\debug\base.obj
c:\users\baoha\documents\directx11_porcelain_tales\engine\default\x64\debug\blendobject.obj
c:\users\baoha\documents\directx11_porcelain_tales\engine\default\x64\debug\camera.obj
c:\users\baoha\documents\directx11_porcelain_tales\engine\default\x64\debug\channel.obj
c:\users\baoha\documents\directx11_porcelain_tales\engine\default\x64\debug\component.obj
c:\users\baoha\documents\directx11_porcelain_tales\engine\default\x64\debug\component_manager.obj
c:\users\baoha\documents\directx11_porcelain_tales\engine\default\x64\debug\gameinstance.obj
c:\users\baoha\documents\directx11_porcelain_tales\engine\default\x64\debug\gameobject.obj
c:\users\baoha\documents\directx11_porcelain_tales\engine\default\x64\debug\graphic_device.obj
c:\users\baoha\documents\directx11_porcelain_tales\engine\bin\engine.lib
c:\users\baoha\documents\directx11_porcelain_tales\engine\bin\engine.exp
c:\users\baoha\documents\directx11_porcelain_tales\engine\bin\engine.ilk
c:\users\baoha\documents\directx11_porcelain_tales\engine\bin\engine.dll
c:\users\baoha\documents\directx11_porcelain_tales\engine\bin\engine.pdb
c:\users\baoha\documents\directx11_porcelain_tales\engine\default\..\bin\engine.dll
c:\users\baoha\documents\directx11_porcelain_tales\engine\default\x64\debug\engine.tlog\cl.command.1.tlog
c:\users\baoha\documents\directx11_porcelain_tales\engine\default\x64\debug\engine.tlog\cl.read.1.tlog
c:\users\baoha\documents\directx11_porcelain_tales\engine\default\x64\debug\engine.tlog\cl.write.1.tlog
c:\users\baoha\documents\directx11_porcelain_tales\engine\default\x64\debug\engine.tlog\engine.write.1u.tlog
c:\users\baoha\documents\directx11_porcelain_tales\engine\default\x64\debug\engine.tlog\link.command.1.tlog
c:\users\baoha\documents\directx11_porcelain_tales\engine\default\x64\debug\engine.tlog\link.read.1.tlog
c:\users\baoha\documents\directx11_porcelain_tales\engine\default\x64\debug\engine.tlog\link.write.1.tlog
